[2023-08-16 14:26:51,414] werkzeug - WARNING -  * Debugger is active!
[2023-08-16 14:26:51,414] werkzeug - INFO -  * Debugger PIN: 485-290-410
[2023-08-16 14:26:51,450] werkzeug - INFO -  * Detected change in 'd:\\study\\ml_pipeline\\delivery_time_prediction\\env\\Lib\\site-packages\\matplotlib\\tests\\test_api.py', reloading
[2023-08-16 14:26:51,450] werkzeug - INFO -  * Detected change in 'D:\\Study\\ml_pipeline\\delivery_time_prediction\\env\\Lib\\site-packages\\matplotlib\\tests\\test_api.py', reloading
[2023-08-16 14:26:51,458] werkzeug - INFO -  * Detected change in 'd:\\study\\ml_pipeline\\delivery_time_prediction\\env\\Lib\\site-packages\\matplotlib\\tests\\test_arrow_patches.py', reloading
[2023-08-16 14:26:51,459] werkzeug - INFO -  * Detected change in 'D:\\Study\\ml_pipeline\\delivery_time_prediction\\env\\Lib\\site-packages\\matplotlib\\tests\\test_arrow_patches.py', reloading
[2023-08-16 14:26:51,467] werkzeug - INFO -  * Detected change in 'd:\\study\\ml_pipeline\\delivery_time_prediction\\env\\Lib\\site-packages\\matplotlib\\tests\\test_artist.py', reloading
[2023-08-16 14:26:51,467] werkzeug - INFO -  * Detected change in 'D:\\Study\\ml_pipeline\\delivery_time_prediction\\env\\Lib\\site-packages\\matplotlib\\tests\\test_artist.py', reloading
[2023-08-16 14:26:51,487] werkzeug - INFO -  * Detected change in 'D:\\Study\\ml_pipeline\\delivery_time_prediction\\env\\Lib\\site-packages\\matplotlib\\tests\\test_axes.py', reloading
[2023-08-16 14:26:51,487] werkzeug - INFO -  * Detected change in 'd:\\study\\ml_pipeline\\delivery_time_prediction\\env\\Lib\\site-packages\\matplotlib\\tests\\test_axes.py', reloading
[2023-08-16 14:26:51,498] werkzeug - INFO -  * Detected change in 'd:\\study\\ml_pipeline\\delivery_time_prediction\\env\\Lib\\site-packages\\matplotlib\\tests\\test_backend_bases.py', reloading
[2023-08-16 14:26:51,498] werkzeug - INFO -  * Detected change in 'D:\\Study\\ml_pipeline\\delivery_time_prediction\\env\\Lib\\site-packages\\matplotlib\\tests\\test_backend_bases.py', reloading
[2023-08-16 14:26:51,507] werkzeug - INFO -  * Detected change in 'd:\\study\\ml_pipeline\\delivery_time_prediction\\env\\Lib\\site-packages\\matplotlib\\tests\\test_backend_cairo.py', reloading
[2023-08-16 14:26:51,507] werkzeug - INFO -  * Detected change in 'D:\\Study\\ml_pipeline\\delivery_time_prediction\\env\\Lib\\site-packages\\matplotlib\\tests\\test_backend_cairo.py', reloading
[2023-08-16 14:26:51,514] werkzeug - INFO -  * Detected change in 'd:\\study\\ml_pipeline\\delivery_time_prediction\\env\\Lib\\site-packages\\matplotlib\\tests\\test_backend_gtk3.py', reloading
[2023-08-16 14:26:51,514] werkzeug - INFO -  * Detected change in 'D:\\Study\\ml_pipeline\\delivery_time_prediction\\env\\Lib\\site-packages\\matplotlib\\tests\\test_backend_gtk3.py', reloading
[2023-08-16 14:26:51,523] werkzeug - INFO -  * Detected change in 'D:\\Study\\ml_pipeline\\delivery_time_prediction\\env\\Lib\\site-packages\\matplotlib\\tests\\test_backend_macosx.py', reloading
[2023-08-16 14:26:51,523] werkzeug - INFO -  * Detected change in 'd:\\study\\ml_pipeline\\delivery_time_prediction\\env\\Lib\\site-packages\\matplotlib\\tests\\test_backend_macosx.py', reloading
[2023-08-16 14:26:51,529] werkzeug - INFO -  * Detected change in 'D:\\Study\\ml_pipeline\\delivery_time_prediction\\env\\Lib\\site-packages\\matplotlib\\tests\\test_backend_nbagg.py', reloading
[2023-08-16 14:26:51,530] werkzeug - INFO -  * Detected change in 'd:\\study\\ml_pipeline\\delivery_time_prediction\\env\\Lib\\site-packages\\matplotlib\\tests\\test_backend_nbagg.py', reloading
[2023-08-16 14:26:51,541] werkzeug - INFO -  * Detected change in 'd:\\study\\ml_pipeline\\delivery_time_prediction\\env\\Lib\\site-packages\\matplotlib\\tests\\test_backend_pdf.py', reloading
[2023-08-16 14:26:51,541] werkzeug - INFO -  * Detected change in 'D:\\Study\\ml_pipeline\\delivery_time_prediction\\env\\Lib\\site-packages\\matplotlib\\tests\\test_backend_pdf.py', reloading
[2023-08-16 14:26:51,551] werkzeug - INFO -  * Detected change in 'D:\\Study\\ml_pipeline\\delivery_time_prediction\\env\\Lib\\site-packages\\matplotlib\\tests\\test_backend_pgf.py', reloading
[2023-08-16 14:26:51,552] werkzeug - INFO -  * Detected change in 'd:\\study\\ml_pipeline\\delivery_time_prediction\\env\\Lib\\site-packages\\matplotlib\\tests\\test_backend_pgf.py', reloading
[2023-08-16 14:26:51,561] werkzeug - INFO -  * Detected change in 'D:\\Study\\ml_pipeline\\delivery_time_prediction\\env\\Lib\\site-packages\\matplotlib\\tests\\test_backend_ps.py', reloading
[2023-08-16 14:26:51,562] werkzeug - INFO -  * Detected change in 'd:\\study\\ml_pipeline\\delivery_time_prediction\\env\\Lib\\site-packages\\matplotlib\\tests\\test_backend_ps.py', reloading
[2023-08-16 14:26:51,570] werkzeug - INFO -  * Detected change in 'd:\\study\\ml_pipeline\\delivery_time_prediction\\env\\Lib\\site-packages\\matplotlib\\tests\\test_backend_qt.py', reloading
[2023-08-16 14:26:51,570] werkzeug - INFO -  * Detected change in 'D:\\Study\\ml_pipeline\\delivery_time_prediction\\env\\Lib\\site-packages\\matplotlib\\tests\\test_backend_qt.py', reloading
[2023-08-16 14:26:51,578] werkzeug - INFO -  * Detected change in 'd:\\study\\ml_pipeline\\delivery_time_prediction\\env\\Lib\\site-packages\\matplotlib\\tests\\test_backend_svg.py', reloading
[2023-08-16 14:26:51,578] werkzeug - INFO -  * Detected change in 'D:\\Study\\ml_pipeline\\delivery_time_prediction\\env\\Lib\\site-packages\\matplotlib\\tests\\test_backend_svg.py', reloading
[2023-08-16 14:26:51,579] werkzeug - INFO -  * Detected change in 'd:\\study\\ml_pipeline\\delivery_time_prediction\\env\\Lib\\site-packages\\matplotlib\\tests\\test_backend_template.py', reloading
[2023-08-16 14:26:51,579] werkzeug - INFO -  * Detected change in 'D:\\Study\\ml_pipeline\\delivery_time_prediction\\env\\Lib\\site-packages\\matplotlib\\tests\\test_backend_template.py', reloading
[2023-08-16 14:26:51,586] werkzeug - INFO -  * Detected change in 'D:\\Study\\ml_pipeline\\delivery_time_prediction\\env\\Lib\\site-packages\\matplotlib\\tests\\test_backend_tk.py', reloading
[2023-08-16 14:26:51,586] werkzeug - INFO -  * Detected change in 'd:\\study\\ml_pipeline\\delivery_time_prediction\\env\\Lib\\site-packages\\matplotlib\\tests\\test_backend_tk.py', reloading
[2023-08-16 14:26:51,587] werkzeug - INFO -  * Detected change in 'D:\\Study\\ml_pipeline\\delivery_time_prediction\\env\\Lib\\site-packages\\matplotlib\\tests\\test_backend_tools.py', reloading
[2023-08-16 14:26:51,588] werkzeug - INFO -  * Detected change in 'd:\\study\\ml_pipeline\\delivery_time_prediction\\env\\Lib\\site-packages\\matplotlib\\tests\\test_backend_tools.py', reloading
[2023-08-16 14:26:51,593] werkzeug - INFO -  * Detected change in 'd:\\study\\ml_pipeline\\delivery_time_prediction\\env\\Lib\\site-packages\\matplotlib\\tests\\test_backend_webagg.py', reloading
[2023-08-16 14:26:51,593] werkzeug - INFO -  * Detected change in 'D:\\Study\\ml_pipeline\\delivery_time_prediction\\env\\Lib\\site-packages\\matplotlib\\tests\\test_backend_webagg.py', reloading
[2023-08-16 14:26:51,600] werkzeug - INFO -  * Detected change in 'D:\\Study\\ml_pipeline\\delivery_time_prediction\\env\\Lib\\site-packages\\matplotlib\\tests\\test_backends_interactive.py', reloading
[2023-08-16 14:26:51,601] werkzeug - INFO -  * Detected change in 'd:\\study\\ml_pipeline\\delivery_time_prediction\\env\\Lib\\site-packages\\matplotlib\\tests\\test_backends_interactive.py', reloading
[2023-08-16 14:26:51,609] werkzeug - INFO -  * Detected change in 'D:\\Study\\ml_pipeline\\delivery_time_prediction\\env\\Lib\\site-packages\\matplotlib\\tests\\test_basic.py', reloading
[2023-08-16 14:26:51,609] werkzeug - INFO -  * Detected change in 'd:\\study\\ml_pipeline\\delivery_time_prediction\\env\\Lib\\site-packages\\matplotlib\\tests\\test_basic.py', reloading
[2023-08-16 14:26:51,616] werkzeug - INFO -  * Detected change in 'D:\\Study\\ml_pipeline\\delivery_time_prediction\\env\\Lib\\site-packages\\matplotlib\\tests\\test_bbox_tight.py', reloading
[2023-08-16 14:26:51,616] werkzeug - INFO -  * Detected change in 'd:\\study\\ml_pipeline\\delivery_time_prediction\\env\\Lib\\site-packages\\matplotlib\\tests\\test_bbox_tight.py', reloading
[2023-08-16 14:26:51,622] werkzeug - INFO -  * Detected change in 'D:\\Study\\ml_pipeline\\delivery_time_prediction\\env\\Lib\\site-packages\\matplotlib\\tests\\test_category.py', reloading
[2023-08-16 14:26:51,623] werkzeug - INFO -  * Detected change in 'd:\\study\\ml_pipeline\\delivery_time_prediction\\env\\Lib\\site-packages\\matplotlib\\tests\\test_category.py', reloading
[2023-08-16 14:26:51,630] werkzeug - INFO -  * Detected change in 'D:\\Study\\ml_pipeline\\delivery_time_prediction\\env\\Lib\\site-packages\\matplotlib\\tests\\test_cbook.py', reloading
[2023-08-16 14:26:51,630] werkzeug - INFO -  * Detected change in 'd:\\study\\ml_pipeline\\delivery_time_prediction\\env\\Lib\\site-packages\\matplotlib\\tests\\test_cbook.py', reloading
[2023-08-16 14:26:51,646] werkzeug - INFO -  * Detected change in 'D:\\Study\\ml_pipeline\\delivery_time_prediction\\env\\Lib\\site-packages\\matplotlib\\tests\\test_collections.py', reloading
[2023-08-16 14:26:51,646] werkzeug - INFO -  * Detected change in 'd:\\study\\ml_pipeline\\delivery_time_prediction\\env\\Lib\\site-packages\\matplotlib\\tests\\test_collections.py', reloading
[2023-08-16 14:26:51,662] werkzeug - INFO -  * Detected change in 'd:\\study\\ml_pipeline\\delivery_time_prediction\\env\\Lib\\site-packages\\matplotlib\\tests\\test_colorbar.py', reloading
[2023-08-16 14:26:51,663] werkzeug - INFO -  * Detected change in 'D:\\Study\\ml_pipeline\\delivery_time_prediction\\env\\Lib\\site-packages\\matplotlib\\tests\\test_colorbar.py', reloading
[2023-08-16 14:26:51,680] werkzeug - INFO -  * Detected change in 'd:\\study\\ml_pipeline\\delivery_time_prediction\\env\\Lib\\site-packages\\matplotlib\\tests\\test_colors.py', reloading
[2023-08-16 14:26:51,681] werkzeug - INFO -  * Detected change in 'D:\\Study\\ml_pipeline\\delivery_time_prediction\\env\\Lib\\site-packages\\matplotlib\\tests\\test_colors.py', reloading
[2023-08-16 14:26:51,689] werkzeug - INFO -  * Detected change in 'd:\\study\\ml_pipeline\\delivery_time_prediction\\env\\Lib\\site-packages\\matplotlib\\tests\\test_compare_images.py', reloading
[2023-08-16 14:26:51,690] werkzeug - INFO -  * Detected change in 'D:\\Study\\ml_pipeline\\delivery_time_prediction\\env\\Lib\\site-packages\\matplotlib\\tests\\test_compare_images.py', reloading
[2023-08-16 14:26:51,694] werkzeug - INFO -  * Detected change in 'D:\\Study\\ml_pipeline\\delivery_time_prediction\\env\\Lib\\site-packages\\matplotlib\\tests\\test_constrainedlayout.py', reloading
[2023-08-16 14:26:51,694] werkzeug - INFO -  * Detected change in 'd:\\study\\ml_pipeline\\delivery_time_prediction\\env\\Lib\\site-packages\\matplotlib\\tests\\test_constrainedlayout.py', reloading
[2023-08-16 14:26:51,694] werkzeug - INFO -  * Detected change in 'D:\\Study\\ml_pipeline\\delivery_time_prediction\\env\\Lib\\site-packages\\matplotlib\\tests\\test_container.py', reloading
[2023-08-16 14:26:51,704] werkzeug - INFO -  * Detected change in 'd:\\study\\ml_pipeline\\delivery_time_prediction\\env\\Lib\\site-packages\\matplotlib\\tests\\test_container.py', reloading
[2023-08-16 14:26:51,709] werkzeug - INFO -  * Detected change in 'D:\\Study\\ml_pipeline\\delivery_time_prediction\\env\\Lib\\site-packages\\matplotlib\\tests\\test_contour.py', reloading
[2023-08-16 14:26:51,709] werkzeug - INFO -  * Detected change in 'd:\\study\\ml_pipeline\\delivery_time_prediction\\env\\Lib\\site-packages\\matplotlib\\tests\\test_contour.py', reloading
[2023-08-16 14:26:51,714] werkzeug - INFO -  * Detected change in 'D:\\Study\\ml_pipeline\\delivery_time_prediction\\env\\Lib\\site-packages\\matplotlib\\tests\\test_cycles.py', reloading
[2023-08-16 14:26:51,714] werkzeug - INFO -  * Detected change in 'd:\\study\\ml_pipeline\\delivery_time_prediction\\env\\Lib\\site-packages\\matplotlib\\tests\\test_cycles.py', reloading
[2023-08-16 14:26:51,733] werkzeug - INFO -  * Detected change in 'd:\\study\\ml_pipeline\\delivery_time_prediction\\env\\Lib\\site-packages\\matplotlib\\tests\\test_dates.py', reloading
[2023-08-16 14:26:51,733] werkzeug - INFO -  * Detected change in 'D:\\Study\\ml_pipeline\\delivery_time_prediction\\env\\Lib\\site-packages\\matplotlib\\tests\\test_dates.py', reloading
[2023-08-16 14:26:51,740] werkzeug - INFO -  * Detected change in 'd:\\study\\ml_pipeline\\delivery_time_prediction\\env\\Lib\\site-packages\\matplotlib\\tests\\test_determinism.py', reloading
[2023-08-16 14:26:51,740] werkzeug - INFO -  * Detected change in 'D:\\Study\\ml_pipeline\\delivery_time_prediction\\env\\Lib\\site-packages\\matplotlib\\tests\\test_determinism.py', reloading
[2023-08-16 14:26:51,746] werkzeug - INFO -  * Detected change in 'd:\\study\\ml_pipeline\\delivery_time_prediction\\env\\Lib\\site-packages\\matplotlib\\tests\\test_doc.py', reloading
[2023-08-16 14:26:51,747] werkzeug - INFO -  * Detected change in 'D:\\Study\\ml_pipeline\\delivery_time_prediction\\env\\Lib\\site-packages\\matplotlib\\tests\\test_doc.py', reloading
[2023-08-16 14:26:51,755] werkzeug - INFO -  * Detected change in 'd:\\study\\ml_pipeline\\delivery_time_prediction\\env\\Lib\\site-packages\\matplotlib\\tests\\test_dviread.py', reloading
[2023-08-16 14:26:51,756] werkzeug - INFO -  * Detected change in 'D:\\Study\\ml_pipeline\\delivery_time_prediction\\env\\Lib\\site-packages\\matplotlib\\tests\\test_dviread.py', reloading
[2023-08-16 14:26:51,771] werkzeug - INFO -  * Detected change in 'd:\\study\\ml_pipeline\\delivery_time_prediction\\env\\Lib\\site-packages\\matplotlib\\tests\\test_figure.py', reloading
[2023-08-16 14:26:51,771] werkzeug - INFO -  * Detected change in 'D:\\Study\\ml_pipeline\\delivery_time_prediction\\env\\Lib\\site-packages\\matplotlib\\tests\\test_figure.py', reloading
[2023-08-16 14:26:51,778] werkzeug - INFO -  * Detected change in 'd:\\study\\ml_pipeline\\delivery_time_prediction\\env\\Lib\\site-packages\\matplotlib\\tests\\test_font_manager.py', reloading
[2023-08-16 14:26:51,779] werkzeug - INFO -  * Detected change in 'D:\\Study\\ml_pipeline\\delivery_time_prediction\\env\\Lib\\site-packages\\matplotlib\\tests\\test_font_manager.py', reloading
[2023-08-16 14:26:51,784] werkzeug - INFO -  * Detected change in 'd:\\study\\ml_pipeline\\delivery_time_prediction\\env\\Lib\\site-packages\\matplotlib\\tests\\test_fontconfig_pattern.py', reloading
[2023-08-16 14:26:51,785] werkzeug - INFO -  * Detected change in 'D:\\Study\\ml_pipeline\\delivery_time_prediction\\env\\Lib\\site-packages\\matplotlib\\tests\\test_fontconfig_pattern.py', reloading
[2023-08-16 14:26:51,791] werkzeug - INFO -  * Detected change in 'd:\\study\\ml_pipeline\\delivery_time_prediction\\env\\Lib\\site-packages\\matplotlib\\tests\\test_ft2font.py', reloading
[2023-08-16 14:26:51,792] werkzeug - INFO -  * Detected change in 'D:\\Study\\ml_pipeline\\delivery_time_prediction\\env\\Lib\\site-packages\\matplotlib\\tests\\test_ft2font.py', reloading
[2023-08-16 14:26:51,794] werkzeug - INFO -  * Detected change in 'd:\\study\\ml_pipeline\\delivery_time_prediction\\env\\Lib\\site-packages\\matplotlib\\tests\\test_getattr.py', reloading
[2023-08-16 14:26:51,794] werkzeug - INFO -  * Detected change in 'D:\\Study\\ml_pipeline\\delivery_time_prediction\\env\\Lib\\site-packages\\matplotlib\\tests\\test_getattr.py', reloading
[2023-08-16 14:26:51,794] werkzeug - INFO -  * Detected change in 'D:\\Study\\ml_pipeline\\delivery_time_prediction\\env\\Lib\\site-packages\\matplotlib\\tests\\test_gridspec.py', reloading
[2023-08-16 14:26:51,794] werkzeug - INFO -  * Detected change in 'd:\\study\\ml_pipeline\\delivery_time_prediction\\env\\Lib\\site-packages\\matplotlib\\tests\\test_gridspec.py', reloading
[2023-08-16 14:26:51,814] werkzeug - INFO -  * Detected change in 'D:\\Study\\ml_pipeline\\delivery_time_prediction\\env\\Lib\\site-packages\\matplotlib\\tests\\test_image.py', reloading
[2023-08-16 14:26:51,814] werkzeug - INFO -  * Detected change in 'd:\\study\\ml_pipeline\\delivery_time_prediction\\env\\Lib\\site-packages\\matplotlib\\tests\\test_image.py', reloading
[2023-08-16 14:26:51,824] werkzeug - INFO -  * Detected change in 'd:\\study\\ml_pipeline\\delivery_time_prediction\\env\\Lib\\site-packages\\matplotlib\\tests\\test_legend.py', reloading
[2023-08-16 14:26:51,824] werkzeug - INFO -  * Detected change in 'D:\\Study\\ml_pipeline\\delivery_time_prediction\\env\\Lib\\site-packages\\matplotlib\\tests\\test_legend.py', reloading
[2023-08-16 14:26:51,831] werkzeug - INFO -  * Detected change in 'd:\\study\\ml_pipeline\\delivery_time_prediction\\env\\Lib\\site-packages\\matplotlib\\tests\\test_lines.py', reloading
[2023-08-16 14:26:51,833] werkzeug - INFO -  * Detected change in 'D:\\Study\\ml_pipeline\\delivery_time_prediction\\env\\Lib\\site-packages\\matplotlib\\tests\\test_lines.py', reloading
[2023-08-16 14:26:51,840] werkzeug - INFO -  * Detected change in 'd:\\study\\ml_pipeline\\delivery_time_prediction\\env\\Lib\\site-packages\\matplotlib\\tests\\test_marker.py', reloading
[2023-08-16 14:26:51,841] werkzeug - INFO -  * Detected change in 'D:\\Study\\ml_pipeline\\delivery_time_prediction\\env\\Lib\\site-packages\\matplotlib\\tests\\test_marker.py', reloading
[2023-08-16 14:26:51,851] werkzeug - INFO -  * Detected change in 'd:\\study\\ml_pipeline\\delivery_time_prediction\\env\\Lib\\site-packages\\matplotlib\\tests\\test_mathtext.py', reloading
[2023-08-16 14:26:51,852] werkzeug - INFO -  * Detected change in 'D:\\Study\\ml_pipeline\\delivery_time_prediction\\env\\Lib\\site-packages\\matplotlib\\tests\\test_mathtext.py', reloading
[2023-08-16 14:26:51,859] werkzeug - INFO -  * Detected change in 'D:\\Study\\ml_pipeline\\delivery_time_prediction\\env\\Lib\\site-packages\\matplotlib\\tests\\test_matplotlib.py', reloading
[2023-08-16 14:26:51,860] werkzeug - INFO -  * Detected change in 'd:\\study\\ml_pipeline\\delivery_time_prediction\\env\\Lib\\site-packages\\matplotlib\\tests\\test_matplotlib.py', reloading
[2023-08-16 14:26:51,868] werkzeug - INFO -  * Detected change in 'D:\\Study\\ml_pipeline\\delivery_time_prediction\\env\\Lib\\site-packages\\matplotlib\\tests\\test_mlab.py', reloading
[2023-08-16 14:26:51,868] werkzeug - INFO -  * Detected change in 'd:\\study\\ml_pipeline\\delivery_time_prediction\\env\\Lib\\site-packages\\matplotlib\\tests\\test_mlab.py', reloading
[2023-08-16 14:26:51,875] werkzeug - INFO -  * Detected change in 'D:\\Study\\ml_pipeline\\delivery_time_prediction\\env\\Lib\\site-packages\\matplotlib\\tests\\test_offsetbox.py', reloading
[2023-08-16 14:26:51,876] werkzeug - INFO -  * Detected change in 'd:\\study\\ml_pipeline\\delivery_time_prediction\\env\\Lib\\site-packages\\matplotlib\\tests\\test_offsetbox.py', reloading
[2023-08-16 14:26:51,883] werkzeug - INFO -  * Detected change in 'd:\\study\\ml_pipeline\\delivery_time_prediction\\env\\Lib\\site-packages\\matplotlib\\tests\\test_patches.py', reloading
[2023-08-16 14:26:51,883] werkzeug - INFO -  * Detected change in 'D:\\Study\\ml_pipeline\\delivery_time_prediction\\env\\Lib\\site-packages\\matplotlib\\tests\\test_patches.py', reloading
[2023-08-16 14:26:51,890] werkzeug - INFO -  * Detected change in 'd:\\study\\ml_pipeline\\delivery_time_prediction\\env\\Lib\\site-packages\\matplotlib\\tests\\test_path.py', reloading
[2023-08-16 14:26:51,890] werkzeug - INFO -  * Detected change in 'D:\\Study\\ml_pipeline\\delivery_time_prediction\\env\\Lib\\site-packages\\matplotlib\\tests\\test_path.py', reloading
[2023-08-16 14:26:51,897] werkzeug - INFO -  * Detected change in 'D:\\Study\\ml_pipeline\\delivery_time_prediction\\env\\Lib\\site-packages\\matplotlib\\tests\\test_patheffects.py', reloading
[2023-08-16 14:26:51,898] werkzeug - INFO -  * Detected change in 'd:\\study\\ml_pipeline\\delivery_time_prediction\\env\\Lib\\site-packages\\matplotlib\\tests\\test_patheffects.py', reloading
[2023-08-16 14:26:51,905] werkzeug - INFO -  * Detected change in 'D:\\Study\\ml_pipeline\\delivery_time_prediction\\env\\Lib\\site-packages\\matplotlib\\tests\\test_pickle.py', reloading
[2023-08-16 14:26:51,906] werkzeug - INFO -  * Detected change in 'd:\\study\\ml_pipeline\\delivery_time_prediction\\env\\Lib\\site-packages\\matplotlib\\tests\\test_pickle.py', reloading
[2023-08-16 14:26:51,912] werkzeug - INFO -  * Detected change in 'D:\\Study\\ml_pipeline\\delivery_time_prediction\\env\\Lib\\site-packages\\matplotlib\\tests\\test_png.py', reloading
[2023-08-16 14:26:51,912] werkzeug - INFO -  * Detected change in 'd:\\study\\ml_pipeline\\delivery_time_prediction\\env\\Lib\\site-packages\\matplotlib\\tests\\test_png.py', reloading
[2023-08-16 14:26:51,914] werkzeug - INFO -  * Detected change in 'D:\\Study\\ml_pipeline\\delivery_time_prediction\\env\\Lib\\site-packages\\matplotlib\\tests\\test_polar.py', reloading
[2023-08-16 14:26:51,914] werkzeug - INFO -  * Detected change in 'd:\\study\\ml_pipeline\\delivery_time_prediction\\env\\Lib\\site-packages\\matplotlib\\tests\\test_polar.py', reloading
[2023-08-16 14:26:51,924] werkzeug - INFO -  * Detected change in 'd:\\study\\ml_pipeline\\delivery_time_prediction\\env\\Lib\\site-packages\\matplotlib\\tests\\test_preprocess_data.py', reloading
[2023-08-16 14:26:51,927] werkzeug - INFO -  * Detected change in 'D:\\Study\\ml_pipeline\\delivery_time_prediction\\env\\Lib\\site-packages\\matplotlib\\tests\\test_preprocess_data.py', reloading
[2023-08-16 14:26:51,934] werkzeug - INFO -  * Detected change in 'D:\\Study\\ml_pipeline\\delivery_time_prediction\\env\\Lib\\site-packages\\matplotlib\\tests\\test_pyplot.py', reloading
[2023-08-16 14:26:51,935] werkzeug - INFO -  * Detected change in 'd:\\study\\ml_pipeline\\delivery_time_prediction\\env\\Lib\\site-packages\\matplotlib\\tests\\test_pyplot.py', reloading
[2023-08-16 14:26:51,943] werkzeug - INFO -  * Detected change in 'D:\\Study\\ml_pipeline\\delivery_time_prediction\\env\\Lib\\site-packages\\matplotlib\\tests\\test_quiver.py', reloading
[2023-08-16 14:26:51,943] werkzeug - INFO -  * Detected change in 'd:\\study\\ml_pipeline\\delivery_time_prediction\\env\\Lib\\site-packages\\matplotlib\\tests\\test_quiver.py', reloading
[2023-08-16 14:26:51,951] werkzeug - INFO -  * Detected change in 'd:\\study\\ml_pipeline\\delivery_time_prediction\\env\\Lib\\site-packages\\matplotlib\\tests\\test_rcparams.py', reloading
[2023-08-16 14:26:51,952] werkzeug - INFO -  * Detected change in 'D:\\Study\\ml_pipeline\\delivery_time_prediction\\env\\Lib\\site-packages\\matplotlib\\tests\\test_rcparams.py', reloading
[2023-08-16 14:26:51,959] werkzeug - INFO -  * Detected change in 'D:\\Study\\ml_pipeline\\delivery_time_prediction\\env\\Lib\\site-packages\\matplotlib\\tests\\test_sankey.py', reloading
[2023-08-16 14:26:51,960] werkzeug - INFO -  * Detected change in 'd:\\study\\ml_pipeline\\delivery_time_prediction\\env\\Lib\\site-packages\\matplotlib\\tests\\test_sankey.py', reloading
[2023-08-16 14:26:51,964] werkzeug - INFO -  * Detected change in 'D:\\Study\\ml_pipeline\\delivery_time_prediction\\env\\Lib\\site-packages\\matplotlib\\tests\\test_scale.py', reloading
[2023-08-16 14:26:51,964] werkzeug - INFO -  * Detected change in 'd:\\study\\ml_pipeline\\delivery_time_prediction\\env\\Lib\\site-packages\\matplotlib\\tests\\test_scale.py', reloading
[2023-08-16 14:26:51,974] werkzeug - INFO -  * Detected change in 'd:\\study\\ml_pipeline\\delivery_time_prediction\\env\\Lib\\site-packages\\matplotlib\\tests\\test_simplification.py', reloading
[2023-08-16 14:26:51,974] werkzeug - INFO -  * Detected change in 'D:\\Study\\ml_pipeline\\delivery_time_prediction\\env\\Lib\\site-packages\\matplotlib\\tests\\test_simplification.py', reloading
[2023-08-16 14:26:51,981] werkzeug - INFO -  * Detected change in 'D:\\Study\\ml_pipeline\\delivery_time_prediction\\env\\Lib\\site-packages\\matplotlib\\tests\\test_skew.py', reloading
[2023-08-16 14:26:51,981] werkzeug - INFO -  * Detected change in 'd:\\study\\ml_pipeline\\delivery_time_prediction\\env\\Lib\\site-packages\\matplotlib\\tests\\test_skew.py', reloading
[2023-08-16 14:26:51,991] werkzeug - INFO -  * Detected change in 'D:\\Study\\ml_pipeline\\delivery_time_prediction\\env\\Lib\\site-packages\\matplotlib\\tests\\test_sphinxext.py', reloading
[2023-08-16 14:26:51,991] werkzeug - INFO -  * Detected change in 'd:\\study\\ml_pipeline\\delivery_time_prediction\\env\\Lib\\site-packages\\matplotlib\\tests\\test_sphinxext.py', reloading
[2023-08-16 14:26:51,997] werkzeug - INFO -  * Detected change in 'D:\\Study\\ml_pipeline\\delivery_time_prediction\\env\\Lib\\site-packages\\matplotlib\\tests\\test_spines.py', reloading
[2023-08-16 14:26:51,998] werkzeug - INFO -  * Detected change in 'd:\\study\\ml_pipeline\\delivery_time_prediction\\env\\Lib\\site-packages\\matplotlib\\tests\\test_spines.py', reloading
[2023-08-16 14:26:52,005] werkzeug - INFO -  * Detected change in 'd:\\study\\ml_pipeline\\delivery_time_prediction\\env\\Lib\\site-packages\\matplotlib\\tests\\test_streamplot.py', reloading
[2023-08-16 14:26:52,006] werkzeug - INFO -  * Detected change in 'D:\\Study\\ml_pipeline\\delivery_time_prediction\\env\\Lib\\site-packages\\matplotlib\\tests\\test_streamplot.py', reloading
[2023-08-16 14:26:52,014] werkzeug - INFO -  * Detected change in 'D:\\Study\\ml_pipeline\\delivery_time_prediction\\env\\Lib\\site-packages\\matplotlib\\tests\\test_style.py', reloading
[2023-08-16 14:26:52,014] werkzeug - INFO -  * Detected change in 'd:\\study\\ml_pipeline\\delivery_time_prediction\\env\\Lib\\site-packages\\matplotlib\\tests\\test_style.py', reloading
[2023-08-16 14:26:52,022] werkzeug - INFO -  * Detected change in 'D:\\Study\\ml_pipeline\\delivery_time_prediction\\env\\Lib\\site-packages\\matplotlib\\tests\\test_subplots.py', reloading
[2023-08-16 14:26:52,022] werkzeug - INFO -  * Detected change in 'd:\\study\\ml_pipeline\\delivery_time_prediction\\env\\Lib\\site-packages\\matplotlib\\tests\\test_subplots.py', reloading
[2023-08-16 14:26:52,028] werkzeug - INFO -  * Detected change in 'd:\\study\\ml_pipeline\\delivery_time_prediction\\env\\Lib\\site-packages\\matplotlib\\tests\\test_table.py', reloading
[2023-08-16 14:26:52,028] werkzeug - INFO -  * Detected change in 'D:\\Study\\ml_pipeline\\delivery_time_prediction\\env\\Lib\\site-packages\\matplotlib\\tests\\test_table.py', reloading
[2023-08-16 14:26:52,036] werkzeug - INFO -  * Detected change in 'd:\\study\\ml_pipeline\\delivery_time_prediction\\env\\Lib\\site-packages\\matplotlib\\tests\\test_testing.py', reloading
[2023-08-16 14:26:52,037] werkzeug - INFO -  * Detected change in 'D:\\Study\\ml_pipeline\\delivery_time_prediction\\env\\Lib\\site-packages\\matplotlib\\tests\\test_testing.py', reloading
[2023-08-16 14:26:52,047] werkzeug - INFO -  * Detected change in 'd:\\study\\ml_pipeline\\delivery_time_prediction\\env\\Lib\\site-packages\\matplotlib\\tests\\test_texmanager.py', reloading
[2023-08-16 14:26:52,048] werkzeug - INFO -  * Detected change in 'D:\\Study\\ml_pipeline\\delivery_time_prediction\\env\\Lib\\site-packages\\matplotlib\\tests\\test_texmanager.py', reloading
[2023-08-16 14:26:52,054] werkzeug - INFO -  * Detected change in 'd:\\study\\ml_pipeline\\delivery_time_prediction\\env\\Lib\\site-packages\\matplotlib\\tests\\test_text.py', reloading
[2023-08-16 14:26:52,054] werkzeug - INFO -  * Detected change in 'D:\\Study\\ml_pipeline\\delivery_time_prediction\\env\\Lib\\site-packages\\matplotlib\\tests\\test_text.py', reloading
[2023-08-16 14:26:52,059] werkzeug - INFO -  * Detected change in 'd:\\study\\ml_pipeline\\delivery_time_prediction\\env\\Lib\\site-packages\\matplotlib\\tests\\test_textpath.py', reloading
[2023-08-16 14:26:52,060] werkzeug - INFO -  * Detected change in 'D:\\Study\\ml_pipeline\\delivery_time_prediction\\env\\Lib\\site-packages\\matplotlib\\tests\\test_textpath.py', reloading
[2023-08-16 14:26:52,064] werkzeug - INFO -  * Detected change in 'D:\\Study\\ml_pipeline\\delivery_time_prediction\\env\\Lib\\site-packages\\matplotlib\\tests\\test_ticker.py', reloading
[2023-08-16 14:26:52,064] werkzeug - INFO -  * Detected change in 'd:\\study\\ml_pipeline\\delivery_time_prediction\\env\\Lib\\site-packages\\matplotlib\\tests\\test_ticker.py', reloading
[2023-08-16 14:26:52,074] werkzeug - INFO -  * Detected change in 'd:\\study\\ml_pipeline\\delivery_time_prediction\\env\\Lib\\site-packages\\matplotlib\\tests\\test_tightlayout.py', reloading
[2023-08-16 14:26:52,074] werkzeug - INFO -  * Detected change in 'D:\\Study\\ml_pipeline\\delivery_time_prediction\\env\\Lib\\site-packages\\matplotlib\\tests\\test_tightlayout.py', reloading
[2023-08-16 14:26:52,082] werkzeug - INFO -  * Detected change in 'D:\\Study\\ml_pipeline\\delivery_time_prediction\\env\\Lib\\site-packages\\matplotlib\\tests\\test_transforms.py', reloading
[2023-08-16 14:26:52,083] werkzeug - INFO -  * Detected change in 'd:\\study\\ml_pipeline\\delivery_time_prediction\\env\\Lib\\site-packages\\matplotlib\\tests\\test_transforms.py', reloading
[2023-08-16 14:26:52,089] werkzeug - INFO -  * Detected change in 'd:\\study\\ml_pipeline\\delivery_time_prediction\\env\\Lib\\site-packages\\matplotlib\\tests\\test_triangulation.py', reloading
[2023-08-16 14:26:52,090] werkzeug - INFO -  * Detected change in 'D:\\Study\\ml_pipeline\\delivery_time_prediction\\env\\Lib\\site-packages\\matplotlib\\tests\\test_triangulation.py', reloading
[2023-08-16 14:26:52,095] werkzeug - INFO -  * Detected change in 'D:\\Study\\ml_pipeline\\delivery_time_prediction\\env\\Lib\\site-packages\\matplotlib\\tests\\test_ttconv.py', reloading
[2023-08-16 14:26:52,095] werkzeug - INFO -  * Detected change in 'd:\\study\\ml_pipeline\\delivery_time_prediction\\env\\Lib\\site-packages\\matplotlib\\tests\\test_ttconv.py', reloading
[2023-08-16 14:26:52,106] werkzeug - INFO -  * Detected change in 'D:\\Study\\ml_pipeline\\delivery_time_prediction\\env\\Lib\\site-packages\\matplotlib\\tests\\test_type1font.py', reloading
[2023-08-16 14:26:52,106] werkzeug - INFO -  * Detected change in 'd:\\study\\ml_pipeline\\delivery_time_prediction\\env\\Lib\\site-packages\\matplotlib\\tests\\test_type1font.py', reloading
[2023-08-16 14:26:52,110] werkzeug - INFO -  * Detected change in 'd:\\study\\ml_pipeline\\delivery_time_prediction\\env\\Lib\\site-packages\\matplotlib\\tests\\test_units.py', reloading
[2023-08-16 14:26:52,110] werkzeug - INFO -  * Detected change in 'D:\\Study\\ml_pipeline\\delivery_time_prediction\\env\\Lib\\site-packages\\matplotlib\\tests\\test_units.py', reloading
[2023-08-16 14:26:52,114] werkzeug - INFO -  * Detected change in 'd:\\study\\ml_pipeline\\delivery_time_prediction\\env\\Lib\\site-packages\\matplotlib\\tests\\test_usetex.py', reloading
[2023-08-16 14:26:52,114] werkzeug - INFO -  * Detected change in 'D:\\Study\\ml_pipeline\\delivery_time_prediction\\env\\Lib\\site-packages\\matplotlib\\tests\\test_usetex.py', reloading
[2023-08-16 14:26:52,127] werkzeug - INFO -  * Detected change in 'D:\\Study\\ml_pipeline\\delivery_time_prediction\\env\\Lib\\site-packages\\matplotlib\\tests\\test_widgets.py', reloading
[2023-08-16 14:26:52,127] werkzeug - INFO -  * Detected change in 'd:\\study\\ml_pipeline\\delivery_time_prediction\\env\\Lib\\site-packages\\matplotlib\\tests\\test_widgets.py', reloading
[2023-08-16 14:26:52,133] werkzeug - INFO -  * Detected change in 'D:\\Study\\ml_pipeline\\delivery_time_prediction\\env\\Lib\\site-packages\\matplotlib\\tri\\__init__.py', reloading
[2023-08-16 14:26:52,133] werkzeug - INFO -  * Detected change in 'd:\\study\\ml_pipeline\\delivery_time_prediction\\env\\Lib\\site-packages\\matplotlib\\tri\\__init__.py', reloading
[2023-08-16 14:26:52,139] werkzeug - INFO -  * Detected change in 'd:\\study\\ml_pipeline\\delivery_time_prediction\\env\\Lib\\site-packages\\matplotlib\\tri\\_triangulation.py', reloading
[2023-08-16 14:26:52,140] werkzeug - INFO -  * Detected change in 'D:\\Study\\ml_pipeline\\delivery_time_prediction\\env\\Lib\\site-packages\\matplotlib\\tri\\_triangulation.py', reloading
[2023-08-16 14:26:52,146] werkzeug - INFO -  * Detected change in 'D:\\Study\\ml_pipeline\\delivery_time_prediction\\env\\Lib\\site-packages\\matplotlib\\tri\\_tricontour.py', reloading
[2023-08-16 14:26:52,146] werkzeug - INFO -  * Detected change in 'd:\\study\\ml_pipeline\\delivery_time_prediction\\env\\Lib\\site-packages\\matplotlib\\tri\\_tricontour.py', reloading
[2023-08-16 14:26:52,152] werkzeug - INFO -  * Detected change in 'D:\\Study\\ml_pipeline\\delivery_time_prediction\\env\\Lib\\site-packages\\matplotlib\\tri\\_trifinder.py', reloading
[2023-08-16 14:26:52,152] werkzeug - INFO -  * Detected change in 'd:\\study\\ml_pipeline\\delivery_time_prediction\\env\\Lib\\site-packages\\matplotlib\\tri\\_trifinder.py', reloading
[2023-08-16 14:26:52,160] werkzeug - INFO -  * Detected change in 'D:\\Study\\ml_pipeline\\delivery_time_prediction\\env\\Lib\\site-packages\\matplotlib\\tri\\_triinterpolate.py', reloading
[2023-08-16 14:26:52,160] werkzeug - INFO -  * Detected change in 'd:\\study\\ml_pipeline\\delivery_time_prediction\\env\\Lib\\site-packages\\matplotlib\\tri\\_triinterpolate.py', reloading
[2023-08-16 14:26:52,164] werkzeug - INFO -  * Detected change in 'd:\\study\\ml_pipeline\\delivery_time_prediction\\env\\Lib\\site-packages\\matplotlib\\tri\\_tripcolor.py', reloading
[2023-08-16 14:26:52,164] werkzeug - INFO -  * Detected change in 'D:\\Study\\ml_pipeline\\delivery_time_prediction\\env\\Lib\\site-packages\\matplotlib\\tri\\_tripcolor.py', reloading
[2023-08-16 14:26:52,174] werkzeug - INFO -  * Detected change in 'D:\\Study\\ml_pipeline\\delivery_time_prediction\\env\\Lib\\site-packages\\matplotlib\\tri\\_triplot.py', reloading
[2023-08-16 14:26:52,174] werkzeug - INFO -  * Detected change in 'd:\\study\\ml_pipeline\\delivery_time_prediction\\env\\Lib\\site-packages\\matplotlib\\tri\\_triplot.py', reloading
[2023-08-16 14:26:52,183] werkzeug - INFO -  * Detected change in 'D:\\Study\\ml_pipeline\\delivery_time_prediction\\env\\Lib\\site-packages\\matplotlib\\tri\\_trirefine.py', reloading
[2023-08-16 14:26:52,183] werkzeug - INFO -  * Detected change in 'd:\\study\\ml_pipeline\\delivery_time_prediction\\env\\Lib\\site-packages\\matplotlib\\tri\\_trirefine.py', reloading
[2023-08-16 14:26:52,190] werkzeug - INFO -  * Detected change in 'D:\\Study\\ml_pipeline\\delivery_time_prediction\\env\\Lib\\site-packages\\matplotlib\\tri\\_tritools.py', reloading
[2023-08-16 14:26:52,190] werkzeug - INFO -  * Detected change in 'd:\\study\\ml_pipeline\\delivery_time_prediction\\env\\Lib\\site-packages\\matplotlib\\tri\\_tritools.py', reloading
[2023-08-16 14:26:52,196] werkzeug - INFO -  * Detected change in 'D:\\Study\\ml_pipeline\\delivery_time_prediction\\env\\Lib\\site-packages\\matplotlib\\tri\\triangulation.py', reloading
[2023-08-16 14:26:52,197] werkzeug - INFO -  * Detected change in 'd:\\study\\ml_pipeline\\delivery_time_prediction\\env\\Lib\\site-packages\\matplotlib\\tri\\triangulation.py', reloading
[2023-08-16 14:26:52,208] werkzeug - INFO -  * Detected change in 'd:\\study\\ml_pipeline\\delivery_time_prediction\\env\\Lib\\site-packages\\matplotlib\\tri\\tricontour.py', reloading
[2023-08-16 14:26:52,208] werkzeug - INFO -  * Detected change in 'D:\\Study\\ml_pipeline\\delivery_time_prediction\\env\\Lib\\site-packages\\matplotlib\\tri\\tricontour.py', reloading
[2023-08-16 14:26:52,220] werkzeug - INFO -  * Detected change in 'D:\\Study\\ml_pipeline\\delivery_time_prediction\\env\\Lib\\site-packages\\matplotlib\\tri\\trifinder.py', reloading
[2023-08-16 14:26:52,220] werkzeug - INFO -  * Detected change in 'd:\\study\\ml_pipeline\\delivery_time_prediction\\env\\Lib\\site-packages\\matplotlib\\tri\\trifinder.py', reloading
[2023-08-16 14:26:52,231] werkzeug - INFO -  * Detected change in 'd:\\study\\ml_pipeline\\delivery_time_prediction\\env\\Lib\\site-packages\\matplotlib\\tri\\triinterpolate.py', reloading
[2023-08-16 14:26:52,232] werkzeug - INFO -  * Detected change in 'D:\\Study\\ml_pipeline\\delivery_time_prediction\\env\\Lib\\site-packages\\matplotlib\\tri\\triinterpolate.py', reloading
[2023-08-16 14:26:52,237] werkzeug - INFO -  * Detected change in 'd:\\study\\ml_pipeline\\delivery_time_prediction\\env\\Lib\\site-packages\\matplotlib\\tri\\tripcolor.py', reloading
[2023-08-16 14:26:52,238] werkzeug - INFO -  * Detected change in 'D:\\Study\\ml_pipeline\\delivery_time_prediction\\env\\Lib\\site-packages\\matplotlib\\tri\\tripcolor.py', reloading
[2023-08-16 14:26:52,244] werkzeug - INFO -  * Detected change in 'D:\\Study\\ml_pipeline\\delivery_time_prediction\\env\\Lib\\site-packages\\matplotlib\\tri\\triplot.py', reloading
[2023-08-16 14:26:52,244] werkzeug - INFO -  * Detected change in 'd:\\study\\ml_pipeline\\delivery_time_prediction\\env\\Lib\\site-packages\\matplotlib\\tri\\triplot.py', reloading
[2023-08-16 14:26:52,244] werkzeug - INFO -  * Detected change in 'D:\\Study\\ml_pipeline\\delivery_time_prediction\\env\\Lib\\site-packages\\matplotlib\\tri\\trirefine.py', reloading
[2023-08-16 14:26:52,244] werkzeug - INFO -  * Detected change in 'd:\\study\\ml_pipeline\\delivery_time_prediction\\env\\Lib\\site-packages\\matplotlib\\tri\\trirefine.py', reloading
[2023-08-16 14:26:52,259] werkzeug - INFO -  * Detected change in 'd:\\study\\ml_pipeline\\delivery_time_prediction\\env\\Lib\\site-packages\\matplotlib\\tri\\tritools.py', reloading
[2023-08-16 14:26:52,259] werkzeug - INFO -  * Detected change in 'D:\\Study\\ml_pipeline\\delivery_time_prediction\\env\\Lib\\site-packages\\matplotlib\\tri\\tritools.py', reloading
[2023-08-16 14:26:52,264] werkzeug - INFO -  * Detected change in 'd:\\study\\ml_pipeline\\delivery_time_prediction\\env\\Lib\\site-packages\\mpl_toolkits\\__init__.py', reloading
[2023-08-16 14:26:52,264] werkzeug - INFO -  * Detected change in 'D:\\Study\\ml_pipeline\\delivery_time_prediction\\env\\Lib\\site-packages\\mpl_toolkits\\__init__.py', reloading
[2023-08-16 14:26:52,275] werkzeug - INFO -  * Detected change in 'D:\\Study\\ml_pipeline\\delivery_time_prediction\\env\\Lib\\site-packages\\mpl_toolkits\\axes_grid1\\__init__.py', reloading
[2023-08-16 14:26:52,276] werkzeug - INFO -  * Detected change in 'd:\\study\\ml_pipeline\\delivery_time_prediction\\env\\Lib\\site-packages\\mpl_toolkits\\axes_grid1\\__init__.py', reloading
[2023-08-16 14:26:52,287] werkzeug - INFO -  * Detected change in 'd:\\study\\ml_pipeline\\delivery_time_prediction\\env\\Lib\\site-packages\\mpl_toolkits\\axes_grid1\\anchored_artists.py', reloading
[2023-08-16 14:26:52,287] werkzeug - INFO -  * Detected change in 'D:\\Study\\ml_pipeline\\delivery_time_prediction\\env\\Lib\\site-packages\\mpl_toolkits\\axes_grid1\\anchored_artists.py', reloading
[2023-08-16 14:26:52,302] werkzeug - INFO -  * Detected change in 'd:\\study\\ml_pipeline\\delivery_time_prediction\\env\\Lib\\site-packages\\mpl_toolkits\\axes_grid1\\axes_divider.py', reloading
[2023-08-16 14:26:52,303] werkzeug - INFO -  * Detected change in 'D:\\Study\\ml_pipeline\\delivery_time_prediction\\env\\Lib\\site-packages\\mpl_toolkits\\axes_grid1\\axes_divider.py', reloading
[2023-08-16 14:26:52,311] werkzeug - INFO -  * Detected change in 'd:\\study\\ml_pipeline\\delivery_time_prediction\\env\\Lib\\site-packages\\mpl_toolkits\\axes_grid1\\axes_grid.py', reloading
[2023-08-16 14:26:52,312] werkzeug - INFO -  * Detected change in 'D:\\Study\\ml_pipeline\\delivery_time_prediction\\env\\Lib\\site-packages\\mpl_toolkits\\axes_grid1\\axes_grid.py', reloading
[2023-08-16 14:26:52,320] werkzeug - INFO -  * Detected change in 'd:\\study\\ml_pipeline\\delivery_time_prediction\\env\\Lib\\site-packages\\mpl_toolkits\\axes_grid1\\axes_rgb.py', reloading
[2023-08-16 14:26:52,320] werkzeug - INFO -  * Detected change in 'D:\\Study\\ml_pipeline\\delivery_time_prediction\\env\\Lib\\site-packages\\mpl_toolkits\\axes_grid1\\axes_rgb.py', reloading
[2023-08-16 14:26:52,328] werkzeug - INFO -  * Detected change in 'd:\\study\\ml_pipeline\\delivery_time_prediction\\env\\Lib\\site-packages\\mpl_toolkits\\axes_grid1\\axes_size.py', reloading
[2023-08-16 14:26:52,328] werkzeug - INFO -  * Detected change in 'D:\\Study\\ml_pipeline\\delivery_time_prediction\\env\\Lib\\site-packages\\mpl_toolkits\\axes_grid1\\axes_size.py', reloading
[2023-08-16 14:26:52,336] werkzeug - INFO -  * Detected change in 'd:\\study\\ml_pipeline\\delivery_time_prediction\\env\\Lib\\site-packages\\mpl_toolkits\\axes_grid1\\inset_locator.py', reloading
[2023-08-16 14:26:52,337] werkzeug - INFO -  * Detected change in 'D:\\Study\\ml_pipeline\\delivery_time_prediction\\env\\Lib\\site-packages\\mpl_toolkits\\axes_grid1\\inset_locator.py', reloading
[2023-08-16 14:26:52,342] werkzeug - INFO -  * Detected change in 'd:\\study\\ml_pipeline\\delivery_time_prediction\\env\\Lib\\site-packages\\mpl_toolkits\\axes_grid1\\mpl_axes.py', reloading
[2023-08-16 14:26:52,343] werkzeug - INFO -  * Detected change in 'D:\\Study\\ml_pipeline\\delivery_time_prediction\\env\\Lib\\site-packages\\mpl_toolkits\\axes_grid1\\mpl_axes.py', reloading
[2023-08-16 14:26:52,352] werkzeug - INFO -  * Detected change in 'd:\\study\\ml_pipeline\\delivery_time_prediction\\env\\Lib\\site-packages\\mpl_toolkits\\axes_grid1\\parasite_axes.py', reloading
[2023-08-16 14:26:52,352] werkzeug - INFO -  * Detected change in 'D:\\Study\\ml_pipeline\\delivery_time_prediction\\env\\Lib\\site-packages\\mpl_toolkits\\axes_grid1\\parasite_axes.py', reloading
[2023-08-16 14:26:52,365] werkzeug - INFO -  * Detected change in 'd:\\study\\ml_pipeline\\delivery_time_prediction\\env\\Lib\\site-packages\\mpl_toolkits\\axes_grid1\\tests\\__init__.py', reloading
[2023-08-16 14:26:52,365] werkzeug - INFO -  * Detected change in 'D:\\Study\\ml_pipeline\\delivery_time_prediction\\env\\Lib\\site-packages\\mpl_toolkits\\axes_grid1\\tests\\__init__.py', reloading
[2023-08-16 14:26:52,366] werkzeug - INFO -  * Detected change in 'D:\\Study\\ml_pipeline\\delivery_time_prediction\\env\\Lib\\site-packages\\mpl_toolkits\\axes_grid1\\tests\\conftest.py', reloading
[2023-08-16 14:26:52,366] werkzeug - INFO -  * Detected change in 'd:\\study\\ml_pipeline\\delivery_time_prediction\\env\\Lib\\site-packages\\mpl_toolkits\\axes_grid1\\tests\\conftest.py', reloading
[2023-08-16 14:26:52,372] werkzeug - INFO -  * Detected change in 'd:\\study\\ml_pipeline\\delivery_time_prediction\\env\\Lib\\site-packages\\mpl_toolkits\\axes_grid1\\tests\\test_axes_grid1.py', reloading
[2023-08-16 14:26:52,372] werkzeug - INFO -  * Detected change in 'D:\\Study\\ml_pipeline\\delivery_time_prediction\\env\\Lib\\site-packages\\mpl_toolkits\\axes_grid1\\tests\\test_axes_grid1.py', reloading
[2023-08-16 14:26:52,379] werkzeug - INFO -  * Detected change in 'd:\\study\\ml_pipeline\\delivery_time_prediction\\env\\Lib\\site-packages\\mpl_toolkits\\axisartist\\__init__.py', reloading
[2023-08-16 14:26:52,379] werkzeug - INFO -  * Detected change in 'D:\\Study\\ml_pipeline\\delivery_time_prediction\\env\\Lib\\site-packages\\mpl_toolkits\\axisartist\\__init__.py', reloading
[2023-08-16 14:26:52,386] werkzeug - INFO -  * Detected change in 'D:\\Study\\ml_pipeline\\delivery_time_prediction\\env\\Lib\\site-packages\\mpl_toolkits\\axisartist\\angle_helper.py', reloading
[2023-08-16 14:26:52,388] werkzeug - INFO -  * Detected change in 'd:\\study\\ml_pipeline\\delivery_time_prediction\\env\\Lib\\site-packages\\mpl_toolkits\\axisartist\\angle_helper.py', reloading
[2023-08-16 14:26:52,391] werkzeug - INFO -  * Detected change in 'd:\\study\\ml_pipeline\\delivery_time_prediction\\env\\Lib\\site-packages\\mpl_toolkits\\axisartist\\axes_divider.py', reloading
[2023-08-16 14:26:52,392] werkzeug - INFO -  * Detected change in 'D:\\Study\\ml_pipeline\\delivery_time_prediction\\env\\Lib\\site-packages\\mpl_toolkits\\axisartist\\axes_divider.py', reloading
[2023-08-16 14:26:52,398] werkzeug - INFO -  * Detected change in 'D:\\Study\\ml_pipeline\\delivery_time_prediction\\env\\Lib\\site-packages\\mpl_toolkits\\axisartist\\axes_grid.py', reloading
[2023-08-16 14:26:52,399] werkzeug - INFO -  * Detected change in 'd:\\study\\ml_pipeline\\delivery_time_prediction\\env\\Lib\\site-packages\\mpl_toolkits\\axisartist\\axes_grid.py', reloading
[2023-08-16 14:26:52,404] werkzeug - INFO -  * Detected change in 'd:\\study\\ml_pipeline\\delivery_time_prediction\\env\\Lib\\site-packages\\mpl_toolkits\\axisartist\\axes_rgb.py', reloading
[2023-08-16 14:26:52,405] werkzeug - INFO -  * Detected change in 'D:\\Study\\ml_pipeline\\delivery_time_prediction\\env\\Lib\\site-packages\\mpl_toolkits\\axisartist\\axes_rgb.py', reloading
[2023-08-16 14:26:52,412] werkzeug - INFO -  * Detected change in 'd:\\study\\ml_pipeline\\delivery_time_prediction\\env\\Lib\\site-packages\\mpl_toolkits\\axisartist\\axis_artist.py', reloading
[2023-08-16 14:26:52,412] werkzeug - INFO -  * Detected change in 'D:\\Study\\ml_pipeline\\delivery_time_prediction\\env\\Lib\\site-packages\\mpl_toolkits\\axisartist\\axis_artist.py', reloading
[2023-08-16 14:26:52,421] werkzeug - INFO -  * Detected change in 'D:\\Study\\ml_pipeline\\delivery_time_prediction\\env\\Lib\\site-packages\\mpl_toolkits\\axisartist\\axisline_style.py', reloading
[2023-08-16 14:26:52,421] werkzeug - INFO -  * Detected change in 'd:\\study\\ml_pipeline\\delivery_time_prediction\\env\\Lib\\site-packages\\mpl_toolkits\\axisartist\\axisline_style.py', reloading
[2023-08-16 14:26:52,429] werkzeug - INFO -  * Detected change in 'd:\\study\\ml_pipeline\\delivery_time_prediction\\env\\Lib\\site-packages\\mpl_toolkits\\axisartist\\axislines.py', reloading
[2023-08-16 14:26:52,429] werkzeug - INFO -  * Detected change in 'D:\\Study\\ml_pipeline\\delivery_time_prediction\\env\\Lib\\site-packages\\mpl_toolkits\\axisartist\\axislines.py', reloading
[2023-08-16 14:26:52,436] werkzeug - INFO -  * Detected change in 'd:\\study\\ml_pipeline\\delivery_time_prediction\\env\\Lib\\site-packages\\mpl_toolkits\\axisartist\\floating_axes.py', reloading
[2023-08-16 14:26:52,437] werkzeug - INFO -  * Detected change in 'D:\\Study\\ml_pipeline\\delivery_time_prediction\\env\\Lib\\site-packages\\mpl_toolkits\\axisartist\\floating_axes.py', reloading
[2023-08-16 14:26:52,442] werkzeug - INFO -  * Detected change in 'd:\\study\\ml_pipeline\\delivery_time_prediction\\env\\Lib\\site-packages\\mpl_toolkits\\axisartist\\grid_finder.py', reloading
[2023-08-16 14:26:52,444] werkzeug - INFO -  * Detected change in 'D:\\Study\\ml_pipeline\\delivery_time_prediction\\env\\Lib\\site-packages\\mpl_toolkits\\axisartist\\grid_finder.py', reloading
[2023-08-16 14:26:52,452] werkzeug - INFO -  * Detected change in 'd:\\study\\ml_pipeline\\delivery_time_prediction\\env\\Lib\\site-packages\\mpl_toolkits\\axisartist\\grid_helper_curvelinear.py', reloading
[2023-08-16 14:26:52,453] werkzeug - INFO -  * Detected change in 'D:\\Study\\ml_pipeline\\delivery_time_prediction\\env\\Lib\\site-packages\\mpl_toolkits\\axisartist\\grid_helper_curvelinear.py', reloading
[2023-08-16 14:26:52,457] werkzeug - INFO -  * Detected change in 'd:\\study\\ml_pipeline\\delivery_time_prediction\\env\\Lib\\site-packages\\mpl_toolkits\\axisartist\\parasite_axes.py', reloading
[2023-08-16 14:26:52,458] werkzeug - INFO -  * Detected change in 'D:\\Study\\ml_pipeline\\delivery_time_prediction\\env\\Lib\\site-packages\\mpl_toolkits\\axisartist\\parasite_axes.py', reloading
[2023-08-16 14:26:52,458] werkzeug - INFO -  * Detected change in 'D:\\Study\\ml_pipeline\\delivery_time_prediction\\env\\Lib\\site-packages\\mpl_toolkits\\axisartist\\tests\\__init__.py', reloading
[2023-08-16 14:26:52,459] werkzeug - INFO -  * Detected change in 'd:\\study\\ml_pipeline\\delivery_time_prediction\\env\\Lib\\site-packages\\mpl_toolkits\\axisartist\\tests\\__init__.py', reloading
[2023-08-16 14:26:52,459] werkzeug - INFO -  * Detected change in 'D:\\Study\\ml_pipeline\\delivery_time_prediction\\env\\Lib\\site-packages\\mpl_toolkits\\axisartist\\tests\\conftest.py', reloading
[2023-08-16 14:26:52,460] werkzeug - INFO -  * Detected change in 'd:\\study\\ml_pipeline\\delivery_time_prediction\\env\\Lib\\site-packages\\mpl_toolkits\\axisartist\\tests\\conftest.py', reloading
[2023-08-16 14:26:52,470] werkzeug - INFO -  * Detected change in 'd:\\study\\ml_pipeline\\delivery_time_prediction\\env\\Lib\\site-packages\\mpl_toolkits\\axisartist\\tests\\test_angle_helper.py', reloading
[2023-08-16 14:26:52,471] werkzeug - INFO -  * Detected change in 'D:\\Study\\ml_pipeline\\delivery_time_prediction\\env\\Lib\\site-packages\\mpl_toolkits\\axisartist\\tests\\test_angle_helper.py', reloading
